<?xml version="1.0" encoding="UTF-8"?>
<!-- Generated by org.testng.reporters.JUnitReportReporter -->
<testsuite skipped="0" hostname="ZL-HYD-LT0072" name="com.practice.ReadingPDF" tests="1" failures="0" timestamp="27 May 2020 08:08:18 GMT" time="13.447" errors="0">
  <testcase name="pdfTest" time="13.447" classname="com.practice.ReadingPDF"/>
</testsuite> <!-- com.practice.ReadingPDF -->
