<?xml version="1.0" encoding="UTF-8"?>
<!-- Generated by org.testng.reporters.JUnitReportReporter -->
<testsuite skipped="0" hostname="ZL-HYD-LT0072" name="com.devops.TimeSheet" tests="1" failures="0" timestamp="22 Jun 2020 18:27:01 GMT" time="31.972" errors="0">
  <testcase name="test" time="31.972" classname="com.devops.TimeSheet"/>
</testsuite> <!-- com.devops.TimeSheet -->
