<?xml version="1.0" encoding="UTF-8"?>
<!-- Generated by org.testng.reporters.JUnitReportReporter -->
<testsuite skipped="0" hostname="ZL-HYD-LT0072" name="com.practice.WebdriverManagerTest" tests="1" failures="0" timestamp="27 May 2020 09:42:02 GMT" time="29.998" errors="0">
  <testcase name="Testing" time="29.998" classname="com.practice.WebdriverManagerTest"/>
</testsuite> <!-- com.practice.WebdriverManagerTest -->
